[debug] [2019-09-04T16:30:03.948Z] ----------------------------------------------------------------------
[debug] [2019-09-04T16:30:03.950Z] Command:       C:\Program Files (x86)\Nodist\v-x64\11.13.0\node.exe C:\Program Files (x86)\Nodist\bin\node_modules\firebase-tools\lib\bin\firebase.js serve
[debug] [2019-09-04T16:30:03.951Z] CLI Version:   7.3.1
[debug] [2019-09-04T16:30:03.951Z] Platform:      win32
[debug] [2019-09-04T16:30:03.951Z] Node Version:  v11.13.0
[debug] [2019-09-04T16:30:03.952Z] Time:          Thu Sep 05 2019 01:30:03 GMT+0900 (GMT+09:00)
[debug] [2019-09-04T16:30:03.952Z] ----------------------------------------------------------------------
[debug] 
[debug] [2019-09-04T16:30:03.963Z] > command requires scopes: ["email","openid","https://www.googleapis.com/auth/cloudplatformprojects.readonly","https://www.googleapis.com/auth/firebase","https://www.googleapis.com/auth/cloud-platform"]
[debug] [2019-09-04T16:30:03.964Z] > authorizing via signed-in user
[debug] [2019-09-04T16:30:03.964Z] [iam] checking project new-world-2b3fc for permissions ["firebase.projects.get"]
[debug] [2019-09-04T16:30:03.965Z] >>> HTTP REQUEST POST https://cloudresourcemanager.googleapis.com/v1/projects/new-world-2b3fc:testIamPermissions  

[debug] [2019-09-04T16:30:04.834Z] <<< HTTP RESPONSE 200
[debug] [2019-09-04T16:30:04.835Z] >>> HTTP REQUEST GET https://firebase.googleapis.com/v1beta1/projects/new-world-2b3fc  
 
[debug] [2019-09-04T16:30:05.601Z] <<< HTTP RESPONSE 200
[info] 
[info] === Serving from 'C:\project\new-world'...
[info] 
[debug] [2019-09-04T16:30:05.629Z] >>> HTTP REQUEST GET https://firebase.googleapis.com/v1beta1/projects/new-world-2b3fc/webApps/-/config  
 
[debug] [2019-09-04T16:30:06.560Z] <<< HTTP RESPONSE 200
[info] i  hosting: Serving hosting files from: public
[info] +  hosting: Local server: http://localhost:5000
